<?xml version="1.0" encoding="UTF-8"?>
<testsuite xmlns:xsi="http://www.w3.org/2001/XMLSchema-instance" xsi:noNamespaceSchemaLocation="https://maven.apache.org/surefire/maven-surefire-plugin/xsd/surefire-test-report.xsd" name="com.flash.InvokeTest" time="0.025" tests="1" errors="0" skipped="0" failures="0">
  <properties>
    <property name="java.specification.version" value="17"/>
    <property name="sun.jnu.encoding" value="UTF-8"/>
    <property name="java.class.path" value="/Users/kumbis/eatzy/flash/target/test-classes:/Users/kumbis/eatzy/flash/target/classes:/Users/kumbis/.m2/repository/com/amazonaws/aws-lambda-java-core/1.2.1/aws-lambda-java-core-1.2.1.jar:/Users/kumbis/.m2/repository/com/google/code/gson/gson/2.8.6/gson-2.8.6.jar:/Users/kumbis/.m2/repository/org/apache/logging/log4j/log4j-api/2.17.1/log4j-api-2.17.1.jar:/Users/kumbis/.m2/repository/org/apache/logging/log4j/log4j-core/2.17.1/log4j-core-2.17.1.jar:/Users/kumbis/.m2/repository/org/apache/logging/log4j/log4j-slf4j18-impl/2.17.1/log4j-slf4j18-impl-2.17.1.jar:/Users/kumbis/.m2/repository/org/junit/jupiter/junit-jupiter-api/5.6.0/junit-jupiter-api-5.6.0.jar:/Users/kumbis/.m2/repository/org/apiguardian/apiguardian-api/1.1.0/apiguardian-api-1.1.0.jar:/Users/kumbis/.m2/repository/org/opentest4j/opentest4j/1.2.0/opentest4j-1.2.0.jar:/Users/kumbis/.m2/repository/org/junit/platform/junit-platform-commons/1.6.0/junit-platform-commons-1.6.0.jar:/Users/kumbis/.m2/repository/com/google/inject/guice/5.0.1/guice-5.0.1.jar:/Users/kumbis/.m2/repository/javax/inject/javax.inject/1/javax.inject-1.jar:/Users/kumbis/.m2/repository/aopalliance/aopalliance/1.0/aopalliance-1.0.jar:/Users/kumbis/.m2/repository/com/google/guava/guava/30.1-jre/guava-30.1-jre.jar:/Users/kumbis/.m2/repository/com/google/guava/failureaccess/1.0.1/failureaccess-1.0.1.jar:/Users/kumbis/.m2/repository/com/google/guava/listenablefuture/9999.0-empty-to-avoid-conflict-with-guava/listenablefuture-9999.0-empty-to-avoid-conflict-with-guava.jar:/Users/kumbis/.m2/repository/com/google/code/findbugs/jsr305/3.0.2/jsr305-3.0.2.jar:/Users/kumbis/.m2/repository/org/checkerframework/checker-qual/3.5.0/checker-qual-3.5.0.jar:/Users/kumbis/.m2/repository/com/google/errorprone/error_prone_annotations/2.3.4/error_prone_annotations-2.3.4.jar:/Users/kumbis/.m2/repository/com/google/j2objc/j2objc-annotations/1.3/j2objc-annotations-1.3.jar:/Users/kumbis/.m2/repository/org/junit/jupiter/junit-jupiter-engine/5.6.0/junit-jupiter-engine-5.6.0.jar:/Users/kumbis/.m2/repository/org/junit/platform/junit-platform-engine/1.6.0/junit-platform-engine-1.6.0.jar:/Users/kumbis/.m2/repository/org/projectlombok/lombok/1.18.22/lombok-1.18.22.jar:/Users/kumbis/.m2/repository/com/amazonaws/aws-lambda-java-events/2.2.9/aws-lambda-java-events-2.2.9.jar:/Users/kumbis/.m2/repository/joda-time/joda-time/2.6/joda-time-2.6.jar:/Users/kumbis/.m2/repository/com/googlecode/json-simple/json-simple/1.1.1/json-simple-1.1.1.jar:/Users/kumbis/.m2/repository/junit/junit/4.10/junit-4.10.jar:/Users/kumbis/.m2/repository/org/hamcrest/hamcrest-core/1.1/hamcrest-core-1.1.jar:/Users/kumbis/.m2/repository/org/slf4j/slf4j-api/1.7.28/slf4j-api-1.7.28.jar:/Users/kumbis/.m2/repository/com/amazonaws/aws-java-sdk-dynamodb/1.11.784/aws-java-sdk-dynamodb-1.11.784.jar:/Users/kumbis/.m2/repository/com/amazonaws/aws-java-sdk-s3/1.11.784/aws-java-sdk-s3-1.11.784.jar:/Users/kumbis/.m2/repository/com/amazonaws/aws-java-sdk-kms/1.11.784/aws-java-sdk-kms-1.11.784.jar:/Users/kumbis/.m2/repository/com/amazonaws/aws-java-sdk-core/1.11.784/aws-java-sdk-core-1.11.784.jar:/Users/kumbis/.m2/repository/commons-logging/commons-logging/1.1.3/commons-logging-1.1.3.jar:/Users/kumbis/.m2/repository/org/apache/httpcomponents/httpclient/4.5.9/httpclient-4.5.9.jar:/Users/kumbis/.m2/repository/org/apache/httpcomponents/httpcore/4.4.11/httpcore-4.4.11.jar:/Users/kumbis/.m2/repository/commons-codec/commons-codec/1.11/commons-codec-1.11.jar:/Users/kumbis/.m2/repository/software/amazon/ion/ion-java/1.0.2/ion-java-1.0.2.jar:/Users/kumbis/.m2/repository/com/fasterxml/jackson/core/jackson-databind/2.6.7.3/jackson-databind-2.6.7.3.jar:/Users/kumbis/.m2/repository/com/fasterxml/jackson/core/jackson-annotations/2.6.0/jackson-annotations-2.6.0.jar:/Users/kumbis/.m2/repository/com/fasterxml/jackson/core/jackson-core/2.6.7/jackson-core-2.6.7.jar:/Users/kumbis/.m2/repository/com/fasterxml/jackson/dataformat/jackson-dataformat-cbor/2.6.7/jackson-dataformat-cbor-2.6.7.jar:/Users/kumbis/.m2/repository/com/amazonaws/jmespath-java/1.11.784/jmespath-java-1.11.784.jar:"/>
    <property name="java.vm.vendor" value="Homebrew"/>
    <property name="sun.arch.data.model" value="64"/>
    <property name="java.vendor.url" value="https://github.com/Homebrew/homebrew-core/issues"/>
    <property name="os.name" value="Mac OS X"/>
    <property name="java.vm.specification.version" value="17"/>
    <property name="sun.java.launcher" value="SUN_STANDARD"/>
    <property name="user.country" value="IN"/>
    <property name="sun.boot.library.path" value="/usr/local/Cellar/openjdk/17.0.1_1/libexec/openjdk.jdk/Contents/Home/lib"/>
    <property name="sun.java.command" value="/Users/kumbis/eatzy/flash/target/surefire/surefirebooter2442107442681376326.jar /Users/kumbis/eatzy/flash/target/surefire 2022-02-17T17-01-45_409-jvmRun1 surefire17947567792455216822tmp surefire_017963971052121022395tmp"/>
    <property name="jdk.debug" value="release"/>
    <property name="surefire.test.class.path" value="/Users/kumbis/eatzy/flash/target/test-classes:/Users/kumbis/eatzy/flash/target/classes:/Users/kumbis/.m2/repository/com/amazonaws/aws-lambda-java-core/1.2.1/aws-lambda-java-core-1.2.1.jar:/Users/kumbis/.m2/repository/com/google/code/gson/gson/2.8.6/gson-2.8.6.jar:/Users/kumbis/.m2/repository/org/apache/logging/log4j/log4j-api/2.17.1/log4j-api-2.17.1.jar:/Users/kumbis/.m2/repository/org/apache/logging/log4j/log4j-core/2.17.1/log4j-core-2.17.1.jar:/Users/kumbis/.m2/repository/org/apache/logging/log4j/log4j-slf4j18-impl/2.17.1/log4j-slf4j18-impl-2.17.1.jar:/Users/kumbis/.m2/repository/org/junit/jupiter/junit-jupiter-api/5.6.0/junit-jupiter-api-5.6.0.jar:/Users/kumbis/.m2/repository/org/apiguardian/apiguardian-api/1.1.0/apiguardian-api-1.1.0.jar:/Users/kumbis/.m2/repository/org/opentest4j/opentest4j/1.2.0/opentest4j-1.2.0.jar:/Users/kumbis/.m2/repository/org/junit/platform/junit-platform-commons/1.6.0/junit-platform-commons-1.6.0.jar:/Users/kumbis/.m2/repository/com/google/inject/guice/5.0.1/guice-5.0.1.jar:/Users/kumbis/.m2/repository/javax/inject/javax.inject/1/javax.inject-1.jar:/Users/kumbis/.m2/repository/aopalliance/aopalliance/1.0/aopalliance-1.0.jar:/Users/kumbis/.m2/repository/com/google/guava/guava/30.1-jre/guava-30.1-jre.jar:/Users/kumbis/.m2/repository/com/google/guava/failureaccess/1.0.1/failureaccess-1.0.1.jar:/Users/kumbis/.m2/repository/com/google/guava/listenablefuture/9999.0-empty-to-avoid-conflict-with-guava/listenablefuture-9999.0-empty-to-avoid-conflict-with-guava.jar:/Users/kumbis/.m2/repository/com/google/code/findbugs/jsr305/3.0.2/jsr305-3.0.2.jar:/Users/kumbis/.m2/repository/org/checkerframework/checker-qual/3.5.0/checker-qual-3.5.0.jar:/Users/kumbis/.m2/repository/com/google/errorprone/error_prone_annotations/2.3.4/error_prone_annotations-2.3.4.jar:/Users/kumbis/.m2/repository/com/google/j2objc/j2objc-annotations/1.3/j2objc-annotations-1.3.jar:/Users/kumbis/.m2/repository/org/junit/jupiter/junit-jupiter-engine/5.6.0/junit-jupiter-engine-5.6.0.jar:/Users/kumbis/.m2/repository/org/junit/platform/junit-platform-engine/1.6.0/junit-platform-engine-1.6.0.jar:/Users/kumbis/.m2/repository/org/projectlombok/lombok/1.18.22/lombok-1.18.22.jar:/Users/kumbis/.m2/repository/com/amazonaws/aws-lambda-java-events/2.2.9/aws-lambda-java-events-2.2.9.jar:/Users/kumbis/.m2/repository/joda-time/joda-time/2.6/joda-time-2.6.jar:/Users/kumbis/.m2/repository/com/googlecode/json-simple/json-simple/1.1.1/json-simple-1.1.1.jar:/Users/kumbis/.m2/repository/junit/junit/4.10/junit-4.10.jar:/Users/kumbis/.m2/repository/org/hamcrest/hamcrest-core/1.1/hamcrest-core-1.1.jar:/Users/kumbis/.m2/repository/org/slf4j/slf4j-api/1.7.28/slf4j-api-1.7.28.jar:/Users/kumbis/.m2/repository/com/amazonaws/aws-java-sdk-dynamodb/1.11.784/aws-java-sdk-dynamodb-1.11.784.jar:/Users/kumbis/.m2/repository/com/amazonaws/aws-java-sdk-s3/1.11.784/aws-java-sdk-s3-1.11.784.jar:/Users/kumbis/.m2/repository/com/amazonaws/aws-java-sdk-kms/1.11.784/aws-java-sdk-kms-1.11.784.jar:/Users/kumbis/.m2/repository/com/amazonaws/aws-java-sdk-core/1.11.784/aws-java-sdk-core-1.11.784.jar:/Users/kumbis/.m2/repository/commons-logging/commons-logging/1.1.3/commons-logging-1.1.3.jar:/Users/kumbis/.m2/repository/org/apache/httpcomponents/httpclient/4.5.9/httpclient-4.5.9.jar:/Users/kumbis/.m2/repository/org/apache/httpcomponents/httpcore/4.4.11/httpcore-4.4.11.jar:/Users/kumbis/.m2/repository/commons-codec/commons-codec/1.11/commons-codec-1.11.jar:/Users/kumbis/.m2/repository/software/amazon/ion/ion-java/1.0.2/ion-java-1.0.2.jar:/Users/kumbis/.m2/repository/com/fasterxml/jackson/core/jackson-databind/2.6.7.3/jackson-databind-2.6.7.3.jar:/Users/kumbis/.m2/repository/com/fasterxml/jackson/core/jackson-annotations/2.6.0/jackson-annotations-2.6.0.jar:/Users/kumbis/.m2/repository/com/fasterxml/jackson/core/jackson-core/2.6.7/jackson-core-2.6.7.jar:/Users/kumbis/.m2/repository/com/fasterxml/jackson/dataformat/jackson-dataformat-cbor/2.6.7/jackson-dataformat-cbor-2.6.7.jar:/Users/kumbis/.m2/repository/com/amazonaws/jmespath-java/1.11.784/jmespath-java-1.11.784.jar:"/>
    <property name="sun.cpu.endian" value="little"/>
    <property name="user.home" value="/Users/kumbis"/>
    <property name="user.language" value="en"/>
    <property name="java.specification.vendor" value="Oracle Corporation"/>
    <property name="java.version.date" value="2021-10-19"/>
    <property name="java.home" value="/usr/local/Cellar/openjdk/17.0.1_1/libexec/openjdk.jdk/Contents/Home"/>
    <property name="file.separator" value="/"/>
    <property name="basedir" value="/Users/kumbis/eatzy/flash"/>
    <property name="java.vm.compressedOopsMode" value="Zero based"/>
    <property name="line.separator" value="&#10;"/>
    <property name="java.vm.specification.vendor" value="Oracle Corporation"/>
    <property name="java.specification.name" value="Java Platform API Specification"/>
    <property name="surefire.real.class.path" value="/Users/kumbis/eatzy/flash/target/surefire/surefirebooter2442107442681376326.jar"/>
    <property name="sun.management.compiler" value="HotSpot 64-Bit Tiered Compilers"/>
    <property name="java.runtime.version" value="17.0.1+1"/>
    <property name="user.name" value="kumbis"/>
    <property name="path.separator" value=":"/>
    <property name="os.version" value="11.6.1"/>
    <property name="java.runtime.name" value="OpenJDK Runtime Environment"/>
    <property name="file.encoding" value="US-ASCII"/>
    <property name="java.vm.name" value="OpenJDK 64-Bit Server VM"/>
    <property name="java.vendor.version" value="Homebrew"/>
    <property name="localRepository" value="/Users/kumbis/.m2/repository"/>
    <property name="java.vendor.url.bug" value="https://github.com/Homebrew/homebrew-core/issues"/>
    <property name="java.io.tmpdir" value="/var/folders/3_/dhj6rrf10wb_ztnnxgclk0v40000gs/T/"/>
    <property name="java.version" value="17.0.1"/>
    <property name="user.dir" value="/Users/kumbis/eatzy/flash"/>
    <property name="os.arch" value="x86_64"/>
    <property name="java.vm.specification.name" value="Java Virtual Machine Specification"/>
    <property name="native.encoding" value="US-ASCII"/>
    <property name="java.library.path" value="/Users/kumbis/Library/Java/Extensions:/Library/Java/Extensions:/Network/Library/Java/Extensions:/System/Library/Java/Extensions:/usr/lib/java:."/>
    <property name="java.vm.info" value="mixed mode, sharing"/>
    <property name="java.vendor" value="Homebrew"/>
    <property name="java.vm.version" value="17.0.1+1"/>
    <property name="sun.io.unicode.encoding" value="UnicodeBig"/>
    <property name="java.class.version" value="61.0"/>
  </properties>
  <testcase name="invokeTest" classname="com.flash.InvokeTest" time="0.014"/>
</testsuite>